<?xml version="1.0" encoding="utf-8"?><testsuites><testsuite errors="0" failures="0" hostname="ulthar" name="pytest" skipped="0" tests="28" time="0.328" timestamp="2021-08-11T15:21:21.053916"><testcase classname="tests.test_awstemp" file="tests/test_awstemp.py" line="17" name="test_init" time="0.004"></testcase><testcase classname="tests.test_awstemp" file="tests/test_awstemp.py" line="23" name="test_role_completer" time="0.003"></testcase><testcase classname="tests.test_awstemp" file="tests/test_awstemp.py" line="28" name="test_export_completer" time="0.003"></testcase><testcase classname="tests.test_awstemp" file="tests/test_awstemp.py" line="39" name="test_is_expired[default cannot expire]" time="0.004"></testcase><testcase classname="tests.test_awstemp" file="tests/test_awstemp.py" line="39" name="test_is_expired[role1 profile connot expire]" time="0.003"></testcase><testcase classname="tests.test_awstemp" file="tests/test_awstemp.py" line="39" name="test_is_expired[temporary credentials not expired]" time="0.003"></testcase><testcase classname="tests.test_awstemp" file="tests/test_awstemp.py" line="39" name="test_is_expired[temporary credentials expired]" time="0.004"></testcase><testcase classname="tests.test_awstemp" file="tests/test_awstemp.py" line="39" name="test_is_expired[Invalid credentials]" time="0.003"></testcase><testcase classname="tests.test_awstemp" file="tests/test_awstemp.py" line="61" name="test_clean" time="0.014"></testcase><testcase classname="tests.test_awstemp" file="tests/test_awstemp.py" line="77" name="test_syntax" time="0.012"></testcase><testcase classname="tests.test_awstemp" file="tests/test_awstemp.py" line="87" name="test_syntax_skipped" time="0.010"></testcase><testcase classname="tests.test_awstemp" file="tests/test_awstemp.py" line="97" name="test_backup" time="0.010"></testcase><testcase classname="tests.test_awstemp" file="tests/test_awstemp.py" line="115" name="test_export[None]" time="0.003"></testcase><testcase classname="tests.test_awstemp" file="tests/test_awstemp.py" line="115" name="test_export[default]" time="0.003"></testcase><testcase classname="tests.test_awstemp" file="tests/test_awstemp.py" line="115" name="test_export[temporary credentials with session token]" time="0.003"></testcase><testcase classname="tests.test_awstemp" file="tests/test_awstemp.py" line="148" name="test_export_unknown" time="0.004"></testcase><testcase classname="tests.test_awstemp" file="tests/test_awstemp.py" line="161" name="test_status[None]" time="0.003"></testcase><testcase classname="tests.test_awstemp" file="tests/test_awstemp.py" line="161" name="test_status[default]" time="0.003"></testcase><testcase classname="tests.test_awstemp" file="tests/test_awstemp.py" line="161" name="test_status[temporary credentials with session token]" time="0.002"></testcase><testcase classname="tests.test_awstemp" file="tests/test_awstemp.py" line="161" name="test_status[temporary credentials with expired session token]" time="0.002"></testcase><testcase classname="tests.test_awstemp" file="tests/test_awstemp.py" line="179" name="test_sessions" time="0.004"></testcase><testcase classname="tests.test_awstemp" file="tests/test_awstemp.py" line="190" name="test_list" time="0.003"></testcase><testcase classname="tests.test_awstemp" file="tests/test_awstemp.py" line="204" name="test_assume_without_mfa[parameters0]" time="0.006"></testcase><testcase classname="tests.test_awstemp" file="tests/test_awstemp.py" line="204" name="test_assume_without_mfa[parameters1]" time="0.009"></testcase><testcase classname="tests.test_awstemp" file="tests/test_awstemp.py" line="204" name="test_assume_without_mfa[parameters2]" time="0.008"></testcase><testcase classname="tests.test_awstemp" file="tests/test_awstemp.py" line="228" name="test_assume_with_mfa" time="0.007"></testcase><testcase classname="tests.test_awstemp" file="tests/test_awstemp.py" line="244" name="test_assume_with_mfa_interrupted" time="0.002"></testcase><testcase classname="tests.test_version" file="tests/test_version.py" line="11" name="test_python_version" time="0.002"></testcase></testsuite></testsuites>